<?xml version="1.0" encoding="UTF-8"?>
<!-- Generated by org.testng.reporters.JUnitReportReporter -->
<testsuite hostname="DESKTOP-0UA81V1" failures="0" tests="1" name="AUTO_TESTng.TRUCK_testNG" time="18.277" errors="0" timestamp="2024-01-14T17:27:56 IST" skipped="0">
  <testcase classname="AUTO_TESTng.TRUCK_testNG" name="f" time="18.277"/>
  <system-out/>
</testsuite> <!-- AUTO_TESTng.TRUCK_testNG -->
