<?xml version="1.0" encoding="UTF-8"?>
<!-- Generated by org.testng.reporters.JUnitReportReporter -->
<testsuite hostname="DESKTOP-0UA81V1" failures="0" tests="1" name="test1.NewTest" time="12.317" errors="0" timestamp="2024-01-06T17:56:51 IST" skipped="0">
  <testcase classname="test1.NewTest" name="f" time="12.317"/>
  <system-out/>
</testsuite> <!-- test1.NewTest -->
