<?xml version="1.0" encoding="UTF-8"?>
<!-- Generated by org.testng.reporters.JUnitReportReporter -->
<testsuite hostname="DESKTOP-0UA81V1" failures="0" tests="1" name="AUTO_TESTng.automobile_TESTng" time="8.388" errors="0" timestamp="2024-01-14T17:33:44 IST" skipped="0">
  <testcase classname="AUTO_TESTng.automobile_TESTng" name="f" time="8.388"/>
  <system-out/>
</testsuite> <!-- AUTO_TESTng.automobile_TESTng -->
